This is pdfTeX, Version 3.141592653-2.6-1.40.22 (TeX Live 2022/dev/Debian) (preloaded format=pdflatex 2025.1.26)  26 JAN 2025 19:28
entering extended mode
 restricted \write18 enabled.
 %&-line parsing enabled.
**WhaSAP_vivino_analysis.tex
(./WhaSAP_vivino_analysis.tex
LaTeX2e <2021-11-15> patch level 1
L3 programming layer <2022-01-21> (/usr/share/texlive/texmf-dist/tex/latex/base
/article.cls
Document Class: article 2021/10/04 v1.4n Standard LaTeX document class
(/usr/share/texlive/texmf-dist/tex/latex/base/size10.clo
File: size10.clo 2021/10/04 v1.4n Standard LaTeX file (size option)
)
\c@part=\count185
\c@section=\count186
\c@subsection=\count187
\c@subsubsection=\count188
\c@paragraph=\count189
\c@subparagraph=\count190
\c@figure=\count191
\c@table=\count192
\abovecaptionskip=\skip47
\belowcaptionskip=\skip48
\bibindent=\dimen138
) (/usr/share/texlive/texmf-dist/tex/latex/amsmath/amsmath.sty
Package: amsmath 2021/10/15 v2.17l AMS math features
\@mathmargin=\skip49
For additional information on amsmath, use the `?' option.
(/usr/share/texlive/texmf-dist/tex/latex/amsmath/amstext.sty
Package: amstext 2021/08/26 v2.01 AMS text
(/usr/share/texlive/texmf-dist/tex/latex/amsmath/amsgen.sty
File: amsgen.sty 1999/11/30 v2.0 generic functions
\@emptytoks=\toks16
\ex@=\dimen139
)) (/usr/share/texlive/texmf-dist/tex/latex/amsmath/amsbsy.sty
Package: amsbsy 1999/11/29 v1.2d Bold Symbols
\pmbraise@=\dimen140
) (/usr/share/texlive/texmf-dist/tex/latex/amsmath/amsopn.sty
Package: amsopn 2021/08/26 v2.02 operator names
)
\inf@bad=\count193
LaTeX Info: Redefining \frac on input line 234.
\uproot@=\count194
\leftroot@=\count195
LaTeX Info: Redefining \overline on input line 399.
\classnum@=\count196
\DOTSCASE@=\count197
LaTeX Info: Redefining \ldots on input line 496.
LaTeX Info: Redefining \dots on input line 499.
LaTeX Info: Redefining \cdots on input line 620.
\Mathstrutbox@=\box50
\strutbox@=\box51
\big@size=\dimen141
LaTeX Font Info:    Redeclaring font encoding OML on input line 743.
LaTeX Font Info:    Redeclaring font encoding OMS on input line 744.
\macc@depth=\count198
\c@MaxMatrixCols=\count199
\dotsspace@=\muskip16
\c@parentequation=\count266
\dspbrk@lvl=\count267
\tag@help=\toks17
\row@=\count268
\column@=\count269
\maxfields@=\count270
\andhelp@=\toks18
\eqnshift@=\dimen142
\alignsep@=\dimen143
\tagshift@=\dimen144
\tagwidth@=\dimen145
\totwidth@=\dimen146
\lineht@=\dimen147
\@envbody=\toks19
\multlinegap=\skip50
\multlinetaggap=\skip51
\mathdisplay@stack=\toks20
LaTeX Info: Redefining \[ on input line 2938.
LaTeX Info: Redefining \] on input line 2939.
) (/usr/share/texlive/texmf-dist/tex/latex/amsfonts/amssymb.sty
Package: amssymb 2013/01/14 v3.01 AMS font symbols
(/usr/share/texlive/texmf-dist/tex/latex/amsfonts/amsfonts.sty
Package: amsfonts 2013/01/14 v3.01 Basic AMSFonts support
\symAMSa=\mathgroup4
\symAMSb=\mathgroup5
LaTeX Font Info:    Redeclaring math symbol \hbar on input line 98.
LaTeX Font Info:    Overwriting math alphabet `\mathfrak' in version `bold'
(Font)                  U/euf/m/n --> U/euf/b/n on input line 106.
)) (/usr/share/texlive/texmf-dist/tex/generic/iftex/iftex.sty
Package: iftex 2020/03/06 v1.0d TeX engine tests
) (/usr/share/texlive/texmf-dist/tex/latex/base/fontenc.sty
Package: fontenc 2021/04/29 v2.0v Standard LaTeX package
) (/usr/share/texlive/texmf-dist/tex/latex/base/inputenc.sty
Package: inputenc 2021/02/14 v1.3d Input encoding file
\inpenc@prehook=\toks21
\inpenc@posthook=\toks22
) (/usr/share/texlive/texmf-dist/tex/latex/base/textcomp.sty
Package: textcomp 2020/02/02 v2.0n Standard LaTeX package
) (/usr/share/texmf/tex/latex/lm/lmodern.sty
Package: lmodern 2009/10/30 v1.6 Latin Modern Fonts
LaTeX Font Info:    Overwriting symbol font `operators' in version `normal'
(Font)                  OT1/cmr/m/n --> OT1/lmr/m/n on input line 22.
LaTeX Font Info:    Overwriting symbol font `letters' in version `normal'
(Font)                  OML/cmm/m/it --> OML/lmm/m/it on input line 23.
LaTeX Font Info:    Overwriting symbol font `symbols' in version `normal'
(Font)                  OMS/cmsy/m/n --> OMS/lmsy/m/n on input line 24.
LaTeX Font Info:    Overwriting symbol font `largesymbols' in version `normal'
(Font)                  OMX/cmex/m/n --> OMX/lmex/m/n on input line 25.
LaTeX Font Info:    Overwriting symbol font `operators' in version `bold'
(Font)                  OT1/cmr/bx/n --> OT1/lmr/bx/n on input line 26.
LaTeX Font Info:    Overwriting symbol font `letters' in version `bold'
(Font)                  OML/cmm/b/it --> OML/lmm/b/it on input line 27.
LaTeX Font Info:    Overwriting symbol font `symbols' in version `bold'
(Font)                  OMS/cmsy/b/n --> OMS/lmsy/b/n on input line 28.
LaTeX Font Info:    Overwriting symbol font `largesymbols' in version `bold'
(Font)                  OMX/cmex/m/n --> OMX/lmex/m/n on input line 29.
LaTeX Font Info:    Overwriting math alphabet `\mathbf' in version `normal'
(Font)                  OT1/cmr/bx/n --> OT1/lmr/bx/n on input line 31.
LaTeX Font Info:    Overwriting math alphabet `\mathsf' in version `normal'
(Font)                  OT1/cmss/m/n --> OT1/lmss/m/n on input line 32.
LaTeX Font Info:    Overwriting math alphabet `\mathit' in version `normal'
(Font)                  OT1/cmr/m/it --> OT1/lmr/m/it on input line 33.
LaTeX Font Info:    Overwriting math alphabet `\mathtt' in version `normal'
(Font)                  OT1/cmtt/m/n --> OT1/lmtt/m/n on input line 34.
LaTeX Font Info:    Overwriting math alphabet `\mathbf' in version `bold'
(Font)                  OT1/cmr/bx/n --> OT1/lmr/bx/n on input line 35.
LaTeX Font Info:    Overwriting math alphabet `\mathsf' in version `bold'
(Font)                  OT1/cmss/bx/n --> OT1/lmss/bx/n on input line 36.
LaTeX Font Info:    Overwriting math alphabet `\mathit' in version `bold'
(Font)                  OT1/cmr/bx/it --> OT1/lmr/bx/it on input line 37.
LaTeX Font Info:    Overwriting math alphabet `\mathtt' in version `bold'
(Font)                  OT1/cmtt/m/n --> OT1/lmtt/m/n on input line 38.
) (/usr/share/texlive/texmf-dist/tex/latex/upquote/upquote.sty
Package: upquote 2012/04/19 v1.3 upright-quote and grave-accent glyphs in verba
tim
) (/usr/share/texlive/texmf-dist/tex/latex/microtype/microtype.sty
Package: microtype 2021/12/10 v3.0b Micro-typographical refinements (RS)
(/usr/share/texlive/texmf-dist/tex/latex/graphics/keyval.sty
Package: keyval 2014/10/28 v1.15 key=value parser (DPC)
\KV@toks@=\toks23
) (/usr/share/texlive/texmf-dist/tex/latex/etoolbox/etoolbox.sty
Package: etoolbox 2020/10/05 v2.5k e-TeX tools for LaTeX (JAW)
\etb@tempcnta=\count271
)
\MT@toks=\toks24
\MT@count=\count272
\MT@tempbox=\box52
LaTeX Info: Redefining \leftprotrusion on input line 1010.
LaTeX Info: Redefining \rightprotrusion on input line 1018.
LaTeX Info: Redefining \textls on input line 1173.
\MT@outer@kern=\dimen148
LaTeX Info: Redefining \textmicrotypecontext on input line 1759.
\MT@listname@count=\count273
(/usr/share/texlive/texmf-dist/tex/latex/microtype/microtype-pdftex.def
File: microtype-pdftex.def 2021/12/10 v3.0b Definitions specific to pdftex (RS)

LaTeX Info: Redefining \lsstyle on input line 897.
LaTeX Info: Redefining \lslig on input line 897.
\MT@outer@space=\skip52
)
Package microtype Info: Loading configuration file microtype.cfg.
(/usr/share/texlive/texmf-dist/tex/latex/microtype/microtype.cfg
File: microtype.cfg 2021/12/10 v3.0b microtype main configuration file (RS)
)) (/usr/share/texlive/texmf-dist/tex/latex/parskip/parskip.sty
Package: parskip 2021-03-14 v2.0h non-zero parskip adjustments
(/usr/share/texlive/texmf-dist/tex/latex/kvoptions/kvoptions.sty
Package: kvoptions 2020-10-07 v3.14 Key value format for package options (HO)
(/usr/share/texlive/texmf-dist/tex/generic/ltxcmds/ltxcmds.sty
Package: ltxcmds 2020-05-10 v1.25 LaTeX kernel commands for general use (HO)
) (/usr/share/texlive/texmf-dist/tex/generic/kvsetkeys/kvsetkeys.sty
Package: kvsetkeys 2019/12/15 v1.18 Key value parser (HO)
))) (/usr/share/texlive/texmf-dist/tex/latex/xcolor/xcolor.sty
Package: xcolor 2021/10/31 v2.13 LaTeX color extensions (UK)
(/usr/share/texlive/texmf-dist/tex/latex/graphics-cfg/color.cfg
File: color.cfg 2016/01/02 v1.6 sample color configuration
)
Package xcolor Info: Driver file: pdftex.def on input line 227.
(/usr/share/texlive/texmf-dist/tex/latex/graphics-def/pdftex.def
File: pdftex.def 2020/10/05 v1.2a Graphics/color driver for pdftex
)
Package xcolor Info: Model `cmy' substituted by `cmy0' on input line 1352.
Package xcolor Info: Model `hsb' substituted by `rgb' on input line 1356.
Package xcolor Info: Model `RGB' extended on input line 1368.
Package xcolor Info: Model `HTML' substituted by `rgb' on input line 1370.
Package xcolor Info: Model `Hsb' substituted by `hsb' on input line 1371.
Package xcolor Info: Model `tHsb' substituted by `hsb' on input line 1372.
Package xcolor Info: Model `HSB' substituted by `hsb' on input line 1373.
Package xcolor Info: Model `Gray' substituted by `gray' on input line 1374.
Package xcolor Info: Model `wave' substituted by `hsb' on input line 1375.
) (/usr/share/texlive/texmf-dist/tex/latex/geometry/geometry.sty
Package: geometry 2020/01/02 v5.9 Page Geometry
(/usr/share/texlive/texmf-dist/tex/generic/iftex/ifvtex.sty
Package: ifvtex 2019/10/25 v1.7 ifvtex legacy package. Use iftex instead.
)
\Gm@cnth=\count274
\Gm@cntv=\count275
\c@Gm@tempcnt=\count276
\Gm@bindingoffset=\dimen149
\Gm@wd@mp=\dimen150
\Gm@odd@mp=\dimen151
\Gm@even@mp=\dimen152
\Gm@layoutwidth=\dimen153
\Gm@layoutheight=\dimen154
\Gm@layouthoffset=\dimen155
\Gm@layoutvoffset=\dimen156
\Gm@dimlist=\toks25
) (/usr/share/texlive/texmf-dist/tex/latex/fancyvrb/fancyvrb.sty
Package: fancyvrb 2021/12/21 4.1b verbatim text (tvz,hv)
\FV@CodeLineNo=\count277
\FV@InFile=\read2
\FV@TabBox=\box53
\c@FancyVerbLine=\count278
\FV@StepNumber=\count279
\FV@OutFile=\write3
) (/usr/share/texlive/texmf-dist/tex/latex/framed/framed.sty
Package: framed 2011/10/22 v 0.96: framed or shaded text with page breaks
\OuterFrameSep=\skip53
\fb@frw=\dimen157
\fb@frh=\dimen158
\FrameRule=\dimen159
\FrameSep=\dimen160
) (/usr/share/texlive/texmf-dist/tex/latex/graphics/graphicx.sty
Package: graphicx 2021/09/16 v1.2d Enhanced LaTeX Graphics (DPC,SPQR)
(/usr/share/texlive/texmf-dist/tex/latex/graphics/graphics.sty
Package: graphics 2021/03/04 v1.4d Standard LaTeX Graphics (DPC,SPQR)
(/usr/share/texlive/texmf-dist/tex/latex/graphics/trig.sty
Package: trig 2021/08/11 v1.11 sin cos tan (DPC)
) (/usr/share/texlive/texmf-dist/tex/latex/graphics-cfg/graphics.cfg
File: graphics.cfg 2016/06/04 v1.11 sample graphics configuration
)
Package graphics Info: Driver file: pdftex.def on input line 107.
)
\Gin@req@height=\dimen161
\Gin@req@width=\dimen162
) (/usr/share/texlive/texmf-dist/tex/latex/bookmark/bookmark.sty
Package: bookmark 2020-11-06 v1.29 PDF bookmarks (HO)
(/usr/share/texlive/texmf-dist/tex/latex/hyperref/hyperref.sty
Package: hyperref 2021-06-07 v7.00m Hypertext links for LaTeX
(/usr/share/texlive/texmf-dist/tex/generic/pdftexcmds/pdftexcmds.sty
Package: pdftexcmds 2020-06-27 v0.33 Utility functions of pdfTeX for LuaTeX (HO
)
(/usr/share/texlive/texmf-dist/tex/generic/infwarerr/infwarerr.sty
Package: infwarerr 2019/12/03 v1.5 Providing info/warning/error messages (HO)
)
Package pdftexcmds Info: \pdf@primitive is available.
Package pdftexcmds Info: \pdf@ifprimitive is available.
Package pdftexcmds Info: \pdfdraftmode found.
) (/usr/share/texlive/texmf-dist/tex/generic/kvdefinekeys/kvdefinekeys.sty
Package: kvdefinekeys 2019-12-19 v1.6 Define keys (HO)
) (/usr/share/texlive/texmf-dist/tex/generic/pdfescape/pdfescape.sty
Package: pdfescape 2019/12/09 v1.15 Implements pdfTeX's escape features (HO)
) (/usr/share/texlive/texmf-dist/tex/latex/hycolor/hycolor.sty
Package: hycolor 2020-01-27 v1.10 Color options for hyperref/bookmark (HO)
) (/usr/share/texlive/texmf-dist/tex/latex/letltxmacro/letltxmacro.sty
Package: letltxmacro 2019/12/03 v1.6 Let assignment for LaTeX macros (HO)
) (/usr/share/texlive/texmf-dist/tex/latex/auxhook/auxhook.sty
Package: auxhook 2019-12-17 v1.6 Hooks for auxiliary files (HO)
)
\@linkdim=\dimen163
\Hy@linkcounter=\count280
\Hy@pagecounter=\count281
(/usr/share/texlive/texmf-dist/tex/latex/hyperref/pd1enc.def
File: pd1enc.def 2021-06-07 v7.00m Hyperref: PDFDocEncoding definition (HO)
Now handling font encoding PD1 ...
... no UTF-8 mapping file for font encoding PD1
) (/usr/share/texlive/texmf-dist/tex/latex/hyperref/hyperref-langpatches.def
File: hyperref-langpatches.def 2021-06-07 v7.00m Hyperref: patches for babel la
nguages
) (/usr/share/texlive/texmf-dist/tex/generic/intcalc/intcalc.sty
Package: intcalc 2019/12/15 v1.3 Expandable calculations with integers (HO)
) (/usr/share/texlive/texmf-dist/tex/generic/etexcmds/etexcmds.sty
Package: etexcmds 2019/12/15 v1.7 Avoid name clashes with e-TeX commands (HO)
)
\Hy@SavedSpaceFactor=\count282
(/usr/share/texlive/texmf-dist/tex/latex/hyperref/puenc.def
File: puenc.def 2021-06-07 v7.00m Hyperref: PDF Unicode definition (HO)
Now handling font encoding PU ...
... no UTF-8 mapping file for font encoding PU
)
Package hyperref Info: Option `unicode' set `true' on input line 4073.
Package hyperref Info: Hyper figures OFF on input line 4192.
Package hyperref Info: Link nesting OFF on input line 4197.
Package hyperref Info: Hyper index ON on input line 4200.
Package hyperref Info: Plain pages OFF on input line 4207.
Package hyperref Info: Backreferencing OFF on input line 4212.
Package hyperref Info: Implicit mode ON; LaTeX internals redefined.
Package hyperref Info: Bookmarks ON on input line 4445.
\c@Hy@tempcnt=\count283
(/usr/share/texlive/texmf-dist/tex/latex/url/url.sty
\Urlmuskip=\muskip17
Package: url 2013/09/16  ver 3.4  Verb mode for urls, etc.
)
LaTeX Info: Redefining \url on input line 4804.
\XeTeXLinkMargin=\dimen164
(/usr/share/texlive/texmf-dist/tex/generic/bitset/bitset.sty
Package: bitset 2019/12/09 v1.3 Handle bit-vector datatype (HO)
(/usr/share/texlive/texmf-dist/tex/generic/bigintcalc/bigintcalc.sty
Package: bigintcalc 2019/12/15 v1.5 Expandable calculations on big integers (HO
)
))
\Fld@menulength=\count284
\Field@Width=\dimen165
\Fld@charsize=\dimen166
Package hyperref Info: Hyper figures OFF on input line 6076.
Package hyperref Info: Link nesting OFF on input line 6081.
Package hyperref Info: Hyper index ON on input line 6084.
Package hyperref Info: backreferencing OFF on input line 6091.
Package hyperref Info: Link coloring OFF on input line 6096.
Package hyperref Info: Link coloring with OCG OFF on input line 6101.
Package hyperref Info: PDF/A mode OFF on input line 6106.
LaTeX Info: Redefining \ref on input line 6146.
LaTeX Info: Redefining \pageref on input line 6150.
(/usr/share/texlive/texmf-dist/tex/latex/base/atbegshi-ltx.sty
Package: atbegshi-ltx 2021/01/10 v1.0c Emulation of the original atbegshi
package with kernel methods
)
\Hy@abspage=\count285
\c@Item=\count286
\c@Hfootnote=\count287
)
Package hyperref Info: Driver (autodetected): hpdftex.
(/usr/share/texlive/texmf-dist/tex/latex/hyperref/hpdftex.def
File: hpdftex.def 2021-06-07 v7.00m Hyperref driver for pdfTeX
(/usr/share/texlive/texmf-dist/tex/latex/base/atveryend-ltx.sty
Package: atveryend-ltx 2020/08/19 v1.0a Emulation of the original atveryend pac
kage
with kernel methods
)
\Fld@listcount=\count288
\c@bookmark@seq@number=\count289
(/usr/share/texlive/texmf-dist/tex/latex/rerunfilecheck/rerunfilecheck.sty
Package: rerunfilecheck 2019/12/05 v1.9 Rerun checks for auxiliary files (HO)
(/usr/share/texlive/texmf-dist/tex/generic/uniquecounter/uniquecounter.sty
Package: uniquecounter 2019/12/15 v1.4 Provide unlimited unique counter (HO)
)
Package uniquecounter Info: New unique counter `rerunfilecheck' on input line 2
86.
)
\Hy@SectionHShift=\skip54
) (/usr/share/texlive/texmf-dist/tex/latex/bookmark/bkm-pdftex.def
File: bkm-pdftex.def 2020-11-06 v1.29 bookmark driver for pdfTeX (HO)
\BKM@id=\count290
)) (/usr/share/texlive/texmf-dist/tex/latex/xurl/xurl.sty
Package: xurl 2022/01/09 v 0.10 modify URL breaks
)
LaTeX Font Info:    Trying to load font information for T1+lmr on input line 11
2.
(/usr/share/texmf/tex/latex/lm/t1lmr.fd
File: t1lmr.fd 2009/10/30 v1.6 Font defs for Latin Modern
) (/usr/share/texlive/texmf-dist/tex/latex/l3backend/l3backend-pdftex.def
File: l3backend-pdftex.def 2022-01-12 L3 backend support: PDF output (pdfTeX)
\l__color_backend_stack_int=\count291
\l__pdf_internal_box=\box54
) (./WhaSAP_vivino_analysis.aux)
\openout1 = `WhaSAP_vivino_analysis.aux'.

LaTeX Font Info:    Checking defaults for OML/cmm/m/it on input line 112.
LaTeX Font Info:    ... okay on input line 112.
LaTeX Font Info:    Checking defaults for OMS/cmsy/m/n on input line 112.
LaTeX Font Info:    ... okay on input line 112.
LaTeX Font Info:    Checking defaults for OT1/cmr/m/n on input line 112.
LaTeX Font Info:    ... okay on input line 112.
LaTeX Font Info:    Checking defaults for T1/cmr/m/n on input line 112.
LaTeX Font Info:    ... okay on input line 112.
LaTeX Font Info:    Checking defaults for TS1/cmr/m/n on input line 112.
LaTeX Font Info:    ... okay on input line 112.
LaTeX Font Info:    Checking defaults for OMX/cmex/m/n on input line 112.
LaTeX Font Info:    ... okay on input line 112.
LaTeX Font Info:    Checking defaults for U/cmr/m/n on input line 112.
LaTeX Font Info:    ... okay on input line 112.
LaTeX Font Info:    Checking defaults for PD1/pdf/m/n on input line 112.
LaTeX Font Info:    ... okay on input line 112.
LaTeX Font Info:    Checking defaults for PU/pdf/m/n on input line 112.
LaTeX Font Info:    ... okay on input line 112.
LaTeX Info: Redefining \microtypecontext on input line 112.
Package microtype Info: Applying patch `item' on input line 112.
Package microtype Info: Applying patch `toc' on input line 112.
Package microtype Info: Applying patch `eqnum' on input line 112.
Package microtype Info: Applying patch `footnote' on input line 112.
Package microtype Info: Generating PDF output.
Package microtype Info: Character protrusion enabled (level 2).
Package microtype Info: Using protrusion set `basicmath'.
Package microtype Info: Automatic font expansion enabled (level 2),
(microtype)             stretch: 20, shrink: 20, step: 1, non-selected.
Package microtype Info: Using default expansion set `alltext-nott'.
LaTeX Info: Redefining \showhyphens on input line 112.
Package microtype Info: No adjustment of tracking.
Package microtype Info: No adjustment of interword spacing.
Package microtype Info: No adjustment of character kerning.
(/usr/share/texlive/texmf-dist/tex/latex/microtype/mt-cmr.cfg
File: mt-cmr.cfg 2013/05/19 v2.2 microtype config. file: Computer Modern Roman 
(RS)
) (/usr/share/texlive/texmf-dist/tex/context/base/mkii/supp-pdf.mkii
[Loading MPS to PDF converter (version 2006.09.02).]
\scratchcounter=\count292
\scratchdimen=\dimen167
\scratchbox=\box55
\nofMPsegments=\count293
\nofMParguments=\count294
\everyMPshowfont=\toks26
\MPscratchCnt=\count295
\MPscratchDim=\dimen168
\MPnumerator=\count296
\makeMPintoPDFobject=\count297
\everyMPtoPDFconversion=\toks27
) (/usr/share/texlive/texmf-dist/tex/latex/epstopdf-pkg/epstopdf-base.sty
Package: epstopdf-base 2020-01-24 v2.11 Base part for package epstopdf
Package epstopdf-base Info: Redefining graphics rule for `.eps' on input line 4
85.
(/usr/share/texlive/texmf-dist/tex/latex/latexconfig/epstopdf-sys.cfg
File: epstopdf-sys.cfg 2010/07/13 v1.3 Configuration of (r)epstopdf for TeX Liv
e
))
*geometry* driver: auto-detecting
*geometry* detected driver: pdftex
*geometry* verbose mode - [ preamble ] result:
* driver: pdftex
* paper: <default>
* layout: <same size as paper>
* layoutoffset:(h,v)=(0.0pt,0.0pt)
* modes: 
* h-part:(L,W,R)=(72.26999pt, 469.75502pt, 72.26999pt)
* v-part:(T,H,B)=(72.26999pt, 650.43001pt, 72.26999pt)
* \paperwidth=614.295pt
* \paperheight=794.96999pt
* \textwidth=469.75502pt
* \textheight=650.43001pt
* \oddsidemargin=0.0pt
* \evensidemargin=0.0pt
* \topmargin=-37.0pt
* \headheight=12.0pt
* \headsep=25.0pt
* \topskip=10.0pt
* \footskip=30.0pt
* \marginparwidth=65.0pt
* \marginparsep=11.0pt
* \columnsep=10.0pt
* \skip\footins=9.0pt plus 4.0pt minus 2.0pt
* \hoffset=0.0pt
* \voffset=0.0pt
* \mag=1000
* \@twocolumnfalse
* \@twosidefalse
* \@mparswitchfalse
* \@reversemarginfalse
* (1in=72.27pt=25.4mm, 1cm=28.453pt)

Package hyperref Info: Link coloring OFF on input line 112.
(/usr/share/texlive/texmf-dist/tex/latex/hyperref/nameref.sty
Package: nameref 2021-04-02 v2.47 Cross-referencing by name of section
(/usr/share/texlive/texmf-dist/tex/latex/refcount/refcount.sty
Package: refcount 2019/12/15 v3.6 Data extraction from label references (HO)
) (/usr/share/texlive/texmf-dist/tex/generic/gettitlestring/gettitlestring.sty
Package: gettitlestring 2019/12/15 v1.6 Cleanup title references (HO)
)
\c@section@level=\count298
)
LaTeX Info: Redefining \ref on input line 112.
LaTeX Info: Redefining \pageref on input line 112.
LaTeX Info: Redefining \nameref on input line 112.
LaTeX Font Info:    Trying to load font information for OT1+lmr on input line 1
14.
(/usr/share/texmf/tex/latex/lm/ot1lmr.fd
File: ot1lmr.fd 2009/10/30 v1.6 Font defs for Latin Modern
)
LaTeX Font Info:    Trying to load font information for OML+lmm on input line 1
14.
(/usr/share/texmf/tex/latex/lm/omllmm.fd
File: omllmm.fd 2009/10/30 v1.6 Font defs for Latin Modern
)
LaTeX Font Info:    Trying to load font information for OMS+lmsy on input line 
114.
(/usr/share/texmf/tex/latex/lm/omslmsy.fd
File: omslmsy.fd 2009/10/30 v1.6 Font defs for Latin Modern
)
LaTeX Font Info:    Trying to load font information for OMX+lmex on input line 
114.
(/usr/share/texmf/tex/latex/lm/omxlmex.fd
File: omxlmex.fd 2009/10/30 v1.6 Font defs for Latin Modern
)
LaTeX Font Info:    External font `lmex10' loaded for size
(Font)              <12> on input line 114.
LaTeX Font Info:    External font `lmex10' loaded for size
(Font)              <8> on input line 114.
LaTeX Font Info:    External font `lmex10' loaded for size
(Font)              <6> on input line 114.
LaTeX Font Info:    Trying to load font information for U+msa on input line 114
.
(/usr/share/texlive/texmf-dist/tex/latex/amsfonts/umsa.fd
File: umsa.fd 2013/01/14 v3.01 AMS symbols A
) (/usr/share/texlive/texmf-dist/tex/latex/microtype/mt-msa.cfg
File: mt-msa.cfg 2006/02/04 v1.1 microtype config. file: AMS symbols (a) (RS)
)
LaTeX Font Info:    Trying to load font information for U+msb on input line 114
.
(/usr/share/texlive/texmf-dist/tex/latex/amsfonts/umsb.fd
File: umsb.fd 2013/01/14 v3.01 AMS symbols B
) (/usr/share/texlive/texmf-dist/tex/latex/microtype/mt-msb.cfg
File: mt-msb.cfg 2005/06/01 v1.0 microtype config. file: AMS symbols (b) (RS)
)
LaTeX Font Info:    Trying to load font information for T1+lmtt on input line 1
18.
(/usr/share/texmf/tex/latex/lm/t1lmtt.fd
File: t1lmtt.fd 2009/10/30 v1.6 Font defs for Latin Modern
)
LaTeX Font Info:    Font shape `T1/lmtt/bx/n' in size <10> not available
(Font)              Font shape `T1/lmtt/b/n' tried instead on input line 119.
[1

{/var/lib/texmf/fonts/map/pdftex/updmap/pdftex.map}]
LaTeX Font Info:    Trying to load font information for TS1+lmr on input line 2
27.
(/usr/share/texmf/tex/latex/lm/ts1lmr.fd
File: ts1lmr.fd 2009/10/30 v1.6 Font defs for Latin Modern
)
<WhaSAP_vivino_analysis_files/figure-latex/test razlike u prihodima-1.pdf, id=1
4, 437.635pt x 256.96pt>
File: WhaSAP_vivino_analysis_files/figure-latex/test razlike u prihodima-1.pdf 
Graphic file (type pdf)
<use WhaSAP_vivino_analysis_files/figure-latex/test razlike u prihodima-1.pdf>
Package pdftex.def Info: WhaSAP_vivino_analysis_files/figure-latex/test razlike
 u prihodima-1.pdf  used on input line 240.
(pdftex.def)             Requested size: 437.6406pt x 256.96327pt.

Underfull \hbox (badness 10000) in paragraph at lines 240--245
[][] \T1/lmr/m/n/10 (+20) Na
 []

[2 <./WhaSAP_vivino_analysis_files/figure-latex/test razlike u prihodima-1.pdf>
]
LaTeX Font Info:    External font `lmex10' loaded for size
(Font)              <10> on input line 263.
LaTeX Font Info:    External font `lmex10' loaded for size
(Font)              <7> on input line 263.
LaTeX Font Info:    External font `lmex10' loaded for size
(Font)              <5> on input line 263.

LaTeX Warning: Command \textperiodcentered invalid in math mode on input line 2
63.


LaTeX Warning: Command \textperiodcentered invalid in math mode on input line 2
63.


LaTeX Warning: Command \textperiodcentered invalid in math mode on input line 2
63.


LaTeX Warning: Command \textperiodcentered invalid in math mode on input line 2
63.


LaTeX Warning: Command \textperiodcentered invalid in math mode on input line 2
63.


LaTeX Warning: Command \textperiodcentered invalid in math mode on input line 2
63.

LaTeX Font Info:    Trying to load font information for TS1+lmtt on input line 
319.
(/usr/share/texmf/tex/latex/lm/ts1lmtt.fd
File: ts1lmtt.fd 2009/10/30 v1.6 Font defs for Latin Modern
) [3]
<WhaSAP_vivino_analysis_files/figure-latex/test pretpostavka - normalnost - Lil
lieforsova inačica KS testa-1.pdf, id=41, 422.57875pt x 285.065pt>
File: WhaSAP_vivino_analysis_files/figure-latex/test pretpostavka - normalnost 
- Lillieforsova inačica KS testa-1.pdf Graphic file (type pdf)
<use WhaSAP_vivino_analysis_files/figure-latex/test pretpostavka - normalnost -
 Lillieforsova inačica KS testa-1.pdf>
Package pdftex.def Info: WhaSAP_vivino_analysis_files/figure-latex/test pretpos
tavka - normalnost - Lillieforsova inačica KS testa-1.pdf  used on input line 
414.
(pdftex.def)             Requested size: 422.57771pt x 285.0643pt.
[4]
<WhaSAP_vivino_analysis_files/figure-latex/test pretpostavka - normalnost - Lil
lieforsova inačica KS testa-2.pdf, id=46, 429.605pt x 285.065pt>
File: WhaSAP_vivino_analysis_files/figure-latex/test pretpostavka - normalnost 
- Lillieforsova inačica KS testa-2.pdf Graphic file (type pdf)
<use WhaSAP_vivino_analysis_files/figure-latex/test pretpostavka - normalnost -
 Lillieforsova inačica KS testa-2.pdf>
Package pdftex.def Info: WhaSAP_vivino_analysis_files/figure-latex/test pretpos
tavka - normalnost - Lillieforsova inačica KS testa-2.pdf  used on input line 
422.
(pdftex.def)             Requested size: 429.60394pt x 285.0643pt.
<WhaSAP_vivino_analysis_files/figure-latex/test pretpostavka - normalnost - Lil
lieforsova inačica KS testa-3.pdf, id=47, 422.57875pt x 285.065pt>
File: WhaSAP_vivino_analysis_files/figure-latex/test pretpostavka - normalnost 
- Lillieforsova inačica KS testa-3.pdf Graphic file (type pdf)
<use WhaSAP_vivino_analysis_files/figure-latex/test pretpostavka - normalnost -
 Lillieforsova inačica KS testa-3.pdf>
Package pdftex.def Info: WhaSAP_vivino_analysis_files/figure-latex/test pretpos
tavka - normalnost - Lillieforsova inačica KS testa-3.pdf  used on input line 
430.
(pdftex.def)             Requested size: 422.57771pt x 285.0643pt.
[5 <./WhaSAP_vivino_analysis_files/figure-latex/test pretpostavka - normalnost 
- Lillieforsova inačica KS testa-1.pdf> <./WhaSAP_vivino_analysis_files/figure
-latex/test pretpostavka - normalnost - Lillieforsova inačica KS testa-2.pdf>]
<WhaSAP_vivino_analysis_files/figure-latex/test pretpostavka - normalnost - Lil
lieforsova inačica KS testa-4.pdf, id=68, 422.57875pt x 285.065pt>
File: WhaSAP_vivino_analysis_files/figure-latex/test pretpostavka - normalnost 
- Lillieforsova inačica KS testa-4.pdf Graphic file (type pdf)
<use WhaSAP_vivino_analysis_files/figure-latex/test pretpostavka - normalnost -
 Lillieforsova inačica KS testa-4.pdf>
Package pdftex.def Info: WhaSAP_vivino_analysis_files/figure-latex/test pretpos
tavka - normalnost - Lillieforsova inačica KS testa-4.pdf  used on input line 
438.
(pdftex.def)             Requested size: 422.57771pt x 285.0643pt.
<WhaSAP_vivino_analysis_files/figure-latex/test pretpostavka - normalnost - Lil
lieforsova inačica KS testa-5.pdf, id=69, 422.57875pt x 285.065pt>
File: WhaSAP_vivino_analysis_files/figure-latex/test pretpostavka - normalnost 
- Lillieforsova inačica KS testa-5.pdf Graphic file (type pdf)
<use WhaSAP_vivino_analysis_files/figure-latex/test pretpostavka - normalnost -
 Lillieforsova inačica KS testa-5.pdf>
Package pdftex.def Info: WhaSAP_vivino_analysis_files/figure-latex/test pretpos
tavka - normalnost - Lillieforsova inačica KS testa-5.pdf  used on input line 
446.
(pdftex.def)             Requested size: 422.57771pt x 285.0643pt.
[6 <./WhaSAP_vivino_analysis_files/figure-latex/test pretpostavka - normalnost 
- Lillieforsova inačica KS testa-3.pdf> <./WhaSAP_vivino_analysis_files/figure
-latex/test pretpostavka - normalnost - Lillieforsova inačica KS testa-4.pdf>]
<WhaSAP_vivino_analysis_files/figure-latex/test pretpostavka - normalnost - Lil
lieforsova inačica KS testa-6.pdf, id=90, 422.57875pt x 285.065pt>
File: WhaSAP_vivino_analysis_files/figure-latex/test pretpostavka - normalnost 
- Lillieforsova inačica KS testa-6.pdf Graphic file (type pdf)
<use WhaSAP_vivino_analysis_files/figure-latex/test pretpostavka - normalnost -
 Lillieforsova inačica KS testa-6.pdf>
Package pdftex.def Info: WhaSAP_vivino_analysis_files/figure-latex/test pretpos
tavka - normalnost - Lillieforsova inačica KS testa-6.pdf  used on input line 
454.
(pdftex.def)             Requested size: 422.57771pt x 285.0643pt.
[7 <./WhaSAP_vivino_analysis_files/figure-latex/test pretpostavka - normalnost 
- Lillieforsova inačica KS testa-5.pdf> <./WhaSAP_vivino_analysis_files/figure
-latex/test pretpostavka - normalnost - Lillieforsova inačica KS testa-6.pdf>]
[8]
<WhaSAP_vivino_analysis_files/figure-latex/unnamed-chunk-5-1.pdf, id=116, 436.6
3126pt x 283.0575pt>
File: WhaSAP_vivino_analysis_files/figure-latex/unnamed-chunk-5-1.pdf Graphic f
ile (type pdf)
<use WhaSAP_vivino_analysis_files/figure-latex/unnamed-chunk-5-1.pdf>
Package pdftex.def Info: WhaSAP_vivino_analysis_files/figure-latex/unnamed-chun
k-5-1.pdf  used on input line 616.
(pdftex.def)             Requested size: 436.63019pt x 283.0568pt.
[9]
<WhaSAP_vivino_analysis_files/figure-latex/unnamed-chunk-5-2.pdf, id=121, 436.6
3126pt x 283.0575pt>
File: WhaSAP_vivino_analysis_files/figure-latex/unnamed-chunk-5-2.pdf Graphic f
ile (type pdf)
<use WhaSAP_vivino_analysis_files/figure-latex/unnamed-chunk-5-2.pdf>
Package pdftex.def Info: WhaSAP_vivino_analysis_files/figure-latex/unnamed-chun
k-5-2.pdf  used on input line 625.
(pdftex.def)             Requested size: 436.63019pt x 283.0568pt.
<WhaSAP_vivino_analysis_files/figure-latex/unnamed-chunk-5-3.pdf, id=122, 436.6
3126pt x 283.0575pt>
File: WhaSAP_vivino_analysis_files/figure-latex/unnamed-chunk-5-3.pdf Graphic f
ile (type pdf)
<use WhaSAP_vivino_analysis_files/figure-latex/unnamed-chunk-5-3.pdf>
Package pdftex.def Info: WhaSAP_vivino_analysis_files/figure-latex/unnamed-chun
k-5-3.pdf  used on input line 634.
(pdftex.def)             Requested size: 436.63019pt x 283.0568pt.
[10 <./WhaSAP_vivino_analysis_files/figure-latex/unnamed-chunk-5-1.pdf> <./WhaS
AP_vivino_analysis_files/figure-latex/unnamed-chunk-5-2.pdf>]
<WhaSAP_vivino_analysis_files/figure-latex/unnamed-chunk-5-4.pdf, id=143, 436.6
3126pt x 283.0575pt>
File: WhaSAP_vivino_analysis_files/figure-latex/unnamed-chunk-5-4.pdf Graphic f
ile (type pdf)
<use WhaSAP_vivino_analysis_files/figure-latex/unnamed-chunk-5-4.pdf>
Package pdftex.def Info: WhaSAP_vivino_analysis_files/figure-latex/unnamed-chun
k-5-4.pdf  used on input line 643.
(pdftex.def)             Requested size: 436.63019pt x 283.0568pt.
<WhaSAP_vivino_analysis_files/figure-latex/unnamed-chunk-5-5.pdf, id=144, 436.6
3126pt x 283.0575pt>
File: WhaSAP_vivino_analysis_files/figure-latex/unnamed-chunk-5-5.pdf Graphic f
ile (type pdf)
<use WhaSAP_vivino_analysis_files/figure-latex/unnamed-chunk-5-5.pdf>
Package pdftex.def Info: WhaSAP_vivino_analysis_files/figure-latex/unnamed-chun
k-5-5.pdf  used on input line 652.
(pdftex.def)             Requested size: 436.63019pt x 283.0568pt.
[11 <./WhaSAP_vivino_analysis_files/figure-latex/unnamed-chunk-5-3.pdf> <./WhaS
AP_vivino_analysis_files/figure-latex/unnamed-chunk-5-4.pdf>]
<WhaSAP_vivino_analysis_files/figure-latex/unnamed-chunk-5-6.pdf, id=166, 436.6
3126pt x 283.0575pt>
File: WhaSAP_vivino_analysis_files/figure-latex/unnamed-chunk-5-6.pdf Graphic f
ile (type pdf)
<use WhaSAP_vivino_analysis_files/figure-latex/unnamed-chunk-5-6.pdf>
Package pdftex.def Info: WhaSAP_vivino_analysis_files/figure-latex/unnamed-chun
k-5-6.pdf  used on input line 661.
(pdftex.def)             Requested size: 436.63019pt x 283.0568pt.
[12 <./WhaSAP_vivino_analysis_files/figure-latex/unnamed-chunk-5-5.pdf> <./WhaS
AP_vivino_analysis_files/figure-latex/unnamed-chunk-5-6.pdf>] [13] [14] [15] [1
6]
<WhaSAP_vivino_analysis_files/figure-latex/unnamed-chunk-8-1.pdf, id=204, 453.6
95pt x 315.1775pt>
File: WhaSAP_vivino_analysis_files/figure-latex/unnamed-chunk-8-1.pdf Graphic f
ile (type pdf)
<use WhaSAP_vivino_analysis_files/figure-latex/unnamed-chunk-8-1.pdf>
Package pdftex.def Info: WhaSAP_vivino_analysis_files/figure-latex/unnamed-chun
k-8-1.pdf  used on input line 1095.
(pdftex.def)             Requested size: 453.6939pt x 315.17673pt.
[17]
<WhaSAP_vivino_analysis_files/figure-latex/unnamed-chunk-10-1.pdf, id=209, 441.
65pt x 285.065pt>
File: WhaSAP_vivino_analysis_files/figure-latex/unnamed-chunk-10-1.pdf Graphic 
file (type pdf)
<use WhaSAP_vivino_analysis_files/figure-latex/unnamed-chunk-10-1.pdf>
Package pdftex.def Info: WhaSAP_vivino_analysis_files/figure-latex/unnamed-chun
k-10-1.pdf  used on input line 1142.
(pdftex.def)             Requested size: 441.64891pt x 285.0643pt.
[18 <./WhaSAP_vivino_analysis_files/figure-latex/unnamed-chunk-8-1.pdf>]
<WhaSAP_vivino_analysis_files/figure-latex/unnamed-chunk-10-2.pdf, id=221, 422.
57875pt x 285.065pt>
File: WhaSAP_vivino_analysis_files/figure-latex/unnamed-chunk-10-2.pdf Graphic 
file (type pdf)
<use WhaSAP_vivino_analysis_files/figure-latex/unnamed-chunk-10-2.pdf>
Package pdftex.def Info: WhaSAP_vivino_analysis_files/figure-latex/unnamed-chun
k-10-2.pdf  used on input line 1154.
(pdftex.def)             Requested size: 422.57771pt x 285.0643pt.
[19 <./WhaSAP_vivino_analysis_files/figure-latex/unnamed-chunk-10-1.pdf> <./Wha
SAP_vivino_analysis_files/figure-latex/unnamed-chunk-10-2.pdf>]
<WhaSAP_vivino_analysis_files/figure-latex/unnamed-chunk-11-1.pdf, id=243, 427.
5975pt x 285.065pt>
File: WhaSAP_vivino_analysis_files/figure-latex/unnamed-chunk-11-1.pdf Graphic 
file (type pdf)
<use WhaSAP_vivino_analysis_files/figure-latex/unnamed-chunk-11-1.pdf>
Package pdftex.def Info: WhaSAP_vivino_analysis_files/figure-latex/unnamed-chun
k-11-1.pdf  used on input line 1175.
(pdftex.def)             Requested size: 427.59645pt x 285.0643pt.
<WhaSAP_vivino_analysis_files/figure-latex/unnamed-chunk-11-2.pdf, id=244, 422.
57875pt x 285.065pt>
File: WhaSAP_vivino_analysis_files/figure-latex/unnamed-chunk-11-2.pdf Graphic 
file (type pdf)
<use WhaSAP_vivino_analysis_files/figure-latex/unnamed-chunk-11-2.pdf>
Package pdftex.def Info: WhaSAP_vivino_analysis_files/figure-latex/unnamed-chun
k-11-2.pdf  used on input line 1187.
(pdftex.def)             Requested size: 422.57771pt x 285.0643pt.
[20 <./WhaSAP_vivino_analysis_files/figure-latex/unnamed-chunk-11-1.pdf>]
<WhaSAP_vivino_analysis_files/figure-latex/unnamed-chunk-12-1.pdf, id=257, 436.
63126pt x 283.0575pt>
File: WhaSAP_vivino_analysis_files/figure-latex/unnamed-chunk-12-1.pdf Graphic 
file (type pdf)
<use WhaSAP_vivino_analysis_files/figure-latex/unnamed-chunk-12-1.pdf>
Package pdftex.def Info: WhaSAP_vivino_analysis_files/figure-latex/unnamed-chun
k-12-1.pdf  used on input line 1242.
(pdftex.def)             Requested size: 436.63019pt x 283.0568pt.
[21 <./WhaSAP_vivino_analysis_files/figure-latex/unnamed-chunk-11-2.pdf>]
<WhaSAP_vivino_analysis_files/figure-latex/unnamed-chunk-12-2.pdf, id=270, 436.
63126pt x 283.0575pt>
File: WhaSAP_vivino_analysis_files/figure-latex/unnamed-chunk-12-2.pdf Graphic 
file (type pdf)
<use WhaSAP_vivino_analysis_files/figure-latex/unnamed-chunk-12-2.pdf>
Package pdftex.def Info: WhaSAP_vivino_analysis_files/figure-latex/unnamed-chun
k-12-2.pdf  used on input line 1251.
(pdftex.def)             Requested size: 436.63019pt x 283.0568pt.
[22 <./WhaSAP_vivino_analysis_files/figure-latex/unnamed-chunk-12-1.pdf> <./Wha
SAP_vivino_analysis_files/figure-latex/unnamed-chunk-12-2.pdf>]
<WhaSAP_vivino_analysis_files/figure-latex/unnamed-chunk-13-1.pdf, id=291, 441.
65pt x 285.065pt>
File: WhaSAP_vivino_analysis_files/figure-latex/unnamed-chunk-13-1.pdf Graphic 
file (type pdf)
<use WhaSAP_vivino_analysis_files/figure-latex/unnamed-chunk-13-1.pdf>
Package pdftex.def Info: WhaSAP_vivino_analysis_files/figure-latex/unnamed-chun
k-13-1.pdf  used on input line 1272.
(pdftex.def)             Requested size: 441.64891pt x 285.0643pt.
<WhaSAP_vivino_analysis_files/figure-latex/unnamed-chunk-13-2.pdf, id=292, 422.
57875pt x 285.065pt>
File: WhaSAP_vivino_analysis_files/figure-latex/unnamed-chunk-13-2.pdf Graphic 
file (type pdf)
<use WhaSAP_vivino_analysis_files/figure-latex/unnamed-chunk-13-2.pdf>
Package pdftex.def Info: WhaSAP_vivino_analysis_files/figure-latex/unnamed-chun
k-13-2.pdf  used on input line 1284.
(pdftex.def)             Requested size: 422.57771pt x 285.0643pt.
[23 <./WhaSAP_vivino_analysis_files/figure-latex/unnamed-chunk-13-1.pdf>]
<WhaSAP_vivino_analysis_files/figure-latex/unnamed-chunk-14-1.pdf, id=305, 422.
57875pt x 285.065pt>
File: WhaSAP_vivino_analysis_files/figure-latex/unnamed-chunk-14-1.pdf Graphic 
file (type pdf)
<use WhaSAP_vivino_analysis_files/figure-latex/unnamed-chunk-14-1.pdf>
Package pdftex.def Info: WhaSAP_vivino_analysis_files/figure-latex/unnamed-chun
k-14-1.pdf  used on input line 1319.
(pdftex.def)             Requested size: 422.57771pt x 285.0643pt.
[24 <./WhaSAP_vivino_analysis_files/figure-latex/unnamed-chunk-13-2.pdf>]
<WhaSAP_vivino_analysis_files/figure-latex/unnamed-chunk-14-2.pdf, id=319, 431.
6125pt x 285.065pt>
File: WhaSAP_vivino_analysis_files/figure-latex/unnamed-chunk-14-2.pdf Graphic 
file (type pdf)
<use WhaSAP_vivino_analysis_files/figure-latex/unnamed-chunk-14-2.pdf>
Package pdftex.def Info: WhaSAP_vivino_analysis_files/figure-latex/unnamed-chun
k-14-2.pdf  used on input line 1331.
(pdftex.def)             Requested size: 431.61143pt x 285.0643pt.
[25 <./WhaSAP_vivino_analysis_files/figure-latex/unnamed-chunk-14-1.pdf> <./Wha
SAP_vivino_analysis_files/figure-latex/unnamed-chunk-14-2.pdf>]
<WhaSAP_vivino_analysis_files/figure-latex/unnamed-chunk-15-1.pdf, id=341, 465.
74pt x 285.065pt>
File: WhaSAP_vivino_analysis_files/figure-latex/unnamed-chunk-15-1.pdf Graphic 
file (type pdf)
<use WhaSAP_vivino_analysis_files/figure-latex/unnamed-chunk-15-1.pdf>
Package pdftex.def Info: WhaSAP_vivino_analysis_files/figure-latex/unnamed-chun
k-15-1.pdf  used on input line 1355.
(pdftex.def)             Requested size: 465.73886pt x 285.0643pt.
<WhaSAP_vivino_analysis_files/figure-latex/unnamed-chunk-15-2.pdf, id=342, 459.
7175pt x 285.065pt>
File: WhaSAP_vivino_analysis_files/figure-latex/unnamed-chunk-15-2.pdf Graphic 
file (type pdf)
<use WhaSAP_vivino_analysis_files/figure-latex/unnamed-chunk-15-2.pdf>
Package pdftex.def Info: WhaSAP_vivino_analysis_files/figure-latex/unnamed-chun
k-15-2.pdf  used on input line 1367.
(pdftex.def)             Requested size: 459.71637pt x 285.0643pt.
[26 <./WhaSAP_vivino_analysis_files/figure-latex/unnamed-chunk-15-1.pdf>]
<WhaSAP_vivino_analysis_files/figure-latex/unnamed-chunk-15-3.pdf, id=355, 465.
74pt x 285.065pt>
File: WhaSAP_vivino_analysis_files/figure-latex/unnamed-chunk-15-3.pdf Graphic 
file (type pdf)
<use WhaSAP_vivino_analysis_files/figure-latex/unnamed-chunk-15-3.pdf>
Package pdftex.def Info: WhaSAP_vivino_analysis_files/figure-latex/unnamed-chun
k-15-3.pdf  used on input line 1380.
(pdftex.def)             Requested size: 465.73886pt x 285.0643pt.
[27 <./WhaSAP_vivino_analysis_files/figure-latex/unnamed-chunk-15-2.pdf>]
<WhaSAP_vivino_analysis_files/figure-latex/unnamed-chunk-15-4.pdf, id=368, 450.
68375pt x 285.065pt>
File: WhaSAP_vivino_analysis_files/figure-latex/unnamed-chunk-15-4.pdf Graphic 
file (type pdf)
<use WhaSAP_vivino_analysis_files/figure-latex/unnamed-chunk-15-4.pdf>
Package pdftex.def Info: WhaSAP_vivino_analysis_files/figure-latex/unnamed-chun
k-15-4.pdf  used on input line 1392.
(pdftex.def)             Requested size: 450.68263pt x 285.0643pt.
[28 <./WhaSAP_vivino_analysis_files/figure-latex/unnamed-chunk-15-3.pdf> <./Wha
SAP_vivino_analysis_files/figure-latex/unnamed-chunk-15-4.pdf>] [29] [30]
<WhaSAP_vivino_analysis_files/figure-latex/unnamed-chunk-22-1.pdf, id=397, 437.
635pt x 250.9375pt>
File: WhaSAP_vivino_analysis_files/figure-latex/unnamed-chunk-22-1.pdf Graphic 
file (type pdf)
<use WhaSAP_vivino_analysis_files/figure-latex/unnamed-chunk-22-1.pdf>
Package pdftex.def Info: WhaSAP_vivino_analysis_files/figure-latex/unnamed-chun
k-22-1.pdf  used on input line 1600.
(pdftex.def)             Requested size: 437.6406pt x 250.94069pt.
<WhaSAP_vivino_analysis_files/figure-latex/unnamed-chunk-22-2.pdf, id=398, 437.
635pt x 250.9375pt>
File: WhaSAP_vivino_analysis_files/figure-latex/unnamed-chunk-22-2.pdf Graphic 
file (type pdf)
<use WhaSAP_vivino_analysis_files/figure-latex/unnamed-chunk-22-2.pdf>
Package pdftex.def Info: WhaSAP_vivino_analysis_files/figure-latex/unnamed-chun
k-22-2.pdf  used on input line 1611.
(pdftex.def)             Requested size: 437.6406pt x 250.94069pt.
[31 <./WhaSAP_vivino_analysis_files/figure-latex/unnamed-chunk-22-1.pdf> <./Wha
SAP_vivino_analysis_files/figure-latex/unnamed-chunk-22-2.pdf>]
<WhaSAP_vivino_analysis_files/figure-latex/unnamed-chunk-22-3.pdf, id=418, 437.
635pt x 250.9375pt>
File: WhaSAP_vivino_analysis_files/figure-latex/unnamed-chunk-22-3.pdf Graphic 
file (type pdf)
<use WhaSAP_vivino_analysis_files/figure-latex/unnamed-chunk-22-3.pdf>
Package pdftex.def Info: WhaSAP_vivino_analysis_files/figure-latex/unnamed-chun
k-22-3.pdf  used on input line 1622.
(pdftex.def)             Requested size: 437.6406pt x 250.94069pt.
<WhaSAP_vivino_analysis_files/figure-latex/unnamed-chunk-22-4.pdf, id=419, 436.
63126pt x 250.9375pt>
File: WhaSAP_vivino_analysis_files/figure-latex/unnamed-chunk-22-4.pdf Graphic 
file (type pdf)
<use WhaSAP_vivino_analysis_files/figure-latex/unnamed-chunk-22-4.pdf>
Package pdftex.def Info: WhaSAP_vivino_analysis_files/figure-latex/unnamed-chun
k-22-4.pdf  used on input line 1630.
(pdftex.def)             Requested size: 436.63019pt x 250.93687pt.
<WhaSAP_vivino_analysis_files/figure-latex/unnamed-chunk-22-5.pdf, id=420, 436.
63126pt x 248.93pt>
File: WhaSAP_vivino_analysis_files/figure-latex/unnamed-chunk-22-5.pdf Graphic 
file (type pdf)
<use WhaSAP_vivino_analysis_files/figure-latex/unnamed-chunk-22-5.pdf>
Package pdftex.def Info: WhaSAP_vivino_analysis_files/figure-latex/unnamed-chun
k-22-5.pdf  used on input line 1638.
(pdftex.def)             Requested size: 436.63019pt x 248.92938pt.
[32 <./WhaSAP_vivino_analysis_files/figure-latex/unnamed-chunk-22-3.pdf> <./Wha
SAP_vivino_analysis_files/figure-latex/unnamed-chunk-22-4.pdf>]
<WhaSAP_vivino_analysis_files/figure-latex/unnamed-chunk-22-6.pdf, id=439, 436.
63126pt x 250.9375pt>
File: WhaSAP_vivino_analysis_files/figure-latex/unnamed-chunk-22-6.pdf Graphic 
file (type pdf)
<use WhaSAP_vivino_analysis_files/figure-latex/unnamed-chunk-22-6.pdf>
Package pdftex.def Info: WhaSAP_vivino_analysis_files/figure-latex/unnamed-chun
k-22-6.pdf  used on input line 1646.
(pdftex.def)             Requested size: 436.63019pt x 250.93687pt.
<WhaSAP_vivino_analysis_files/figure-latex/unnamed-chunk-22-7.pdf, id=440, 436.
63126pt x 250.9375pt>
File: WhaSAP_vivino_analysis_files/figure-latex/unnamed-chunk-22-7.pdf Graphic 
file (type pdf)
<use WhaSAP_vivino_analysis_files/figure-latex/unnamed-chunk-22-7.pdf>
Package pdftex.def Info: WhaSAP_vivino_analysis_files/figure-latex/unnamed-chun
k-22-7.pdf  used on input line 1654.
(pdftex.def)             Requested size: 436.63019pt x 250.93687pt.
[33 <./WhaSAP_vivino_analysis_files/figure-latex/unnamed-chunk-22-5.pdf> <./Wha
SAP_vivino_analysis_files/figure-latex/unnamed-chunk-22-6.pdf>]
<WhaSAP_vivino_analysis_files/figure-latex/unnamed-chunk-23-1.pdf, id=459, 434.
62375pt x 286.06876pt>
File: WhaSAP_vivino_analysis_files/figure-latex/unnamed-chunk-23-1.pdf Graphic 
file (type pdf)
<use WhaSAP_vivino_analysis_files/figure-latex/unnamed-chunk-23-1.pdf>
Package pdftex.def Info: WhaSAP_vivino_analysis_files/figure-latex/unnamed-chun
k-23-1.pdf  used on input line 1668.
(pdftex.def)             Requested size: 434.6293pt x 286.07242pt.
[34 <./WhaSAP_vivino_analysis_files/figure-latex/unnamed-chunk-22-7.pdf> <./Wha
SAP_vivino_analysis_files/figure-latex/unnamed-chunk-23-1.pdf>]
<WhaSAP_vivino_analysis_files/figure-latex/unnamed-chunk-23-2.pdf, id=480, 422.
57875pt x 286.06876pt>
File: WhaSAP_vivino_analysis_files/figure-latex/unnamed-chunk-23-2.pdf Graphic 
file (type pdf)
<use WhaSAP_vivino_analysis_files/figure-latex/unnamed-chunk-23-2.pdf>
Package pdftex.def Info: WhaSAP_vivino_analysis_files/figure-latex/unnamed-chun
k-23-2.pdf  used on input line 1678.
(pdftex.def)             Requested size: 422.58415pt x 286.07242pt.
<WhaSAP_vivino_analysis_files/figure-latex/unnamed-chunk-24-1.pdf, id=481, 437.
635pt x 250.9375pt>
File: WhaSAP_vivino_analysis_files/figure-latex/unnamed-chunk-24-1.pdf Graphic 
file (type pdf)
<use WhaSAP_vivino_analysis_files/figure-latex/unnamed-chunk-24-1.pdf>
Package pdftex.def Info: WhaSAP_vivino_analysis_files/figure-latex/unnamed-chun
k-24-1.pdf  used on input line 1694.
(pdftex.def)             Requested size: 437.6406pt x 250.94069pt.
[35 <./WhaSAP_vivino_analysis_files/figure-latex/unnamed-chunk-23-2.pdf>]
<WhaSAP_vivino_analysis_files/figure-latex/unnamed-chunk-24-2.pdf, id=494, 437.
635pt x 250.9375pt>
File: WhaSAP_vivino_analysis_files/figure-latex/unnamed-chunk-24-2.pdf Graphic 
file (type pdf)
<use WhaSAP_vivino_analysis_files/figure-latex/unnamed-chunk-24-2.pdf>
Package pdftex.def Info: WhaSAP_vivino_analysis_files/figure-latex/unnamed-chun
k-24-2.pdf  used on input line 1706.
(pdftex.def)             Requested size: 437.6406pt x 250.94069pt.
<WhaSAP_vivino_analysis_files/figure-latex/unnamed-chunk-24-3.pdf, id=495, 437.
635pt x 250.9375pt>
File: WhaSAP_vivino_analysis_files/figure-latex/unnamed-chunk-24-3.pdf Graphic 
file (type pdf)
<use WhaSAP_vivino_analysis_files/figure-latex/unnamed-chunk-24-3.pdf>
Package pdftex.def Info: WhaSAP_vivino_analysis_files/figure-latex/unnamed-chun
k-24-3.pdf  used on input line 1717.
(pdftex.def)             Requested size: 437.6406pt x 250.94069pt.
[36 <./WhaSAP_vivino_analysis_files/figure-latex/unnamed-chunk-24-1.pdf> <./Wha
SAP_vivino_analysis_files/figure-latex/unnamed-chunk-24-2.pdf>]
<WhaSAP_vivino_analysis_files/figure-latex/unnamed-chunk-24-4.pdf, id=514, 437.
635pt x 250.9375pt>
File: WhaSAP_vivino_analysis_files/figure-latex/unnamed-chunk-24-4.pdf Graphic 
file (type pdf)
<use WhaSAP_vivino_analysis_files/figure-latex/unnamed-chunk-24-4.pdf>
Package pdftex.def Info: WhaSAP_vivino_analysis_files/figure-latex/unnamed-chun
k-24-4.pdf  used on input line 1728.
(pdftex.def)             Requested size: 437.6406pt x 250.94069pt.
<WhaSAP_vivino_analysis_files/figure-latex/unnamed-chunk-24-5.pdf, id=515, 437.
635pt x 250.9375pt>
File: WhaSAP_vivino_analysis_files/figure-latex/unnamed-chunk-24-5.pdf Graphic 
file (type pdf)
<use WhaSAP_vivino_analysis_files/figure-latex/unnamed-chunk-24-5.pdf>
Package pdftex.def Info: WhaSAP_vivino_analysis_files/figure-latex/unnamed-chun
k-24-5.pdf  used on input line 1740.
(pdftex.def)             Requested size: 437.6406pt x 250.94069pt.
[37 <./WhaSAP_vivino_analysis_files/figure-latex/unnamed-chunk-24-3.pdf> <./Wha
SAP_vivino_analysis_files/figure-latex/unnamed-chunk-24-4.pdf>]
<WhaSAP_vivino_analysis_files/figure-latex/unnamed-chunk-25-1.pdf, id=535, 437.
635pt x 250.9375pt>
File: WhaSAP_vivino_analysis_files/figure-latex/unnamed-chunk-25-1.pdf Graphic 
file (type pdf)
<use WhaSAP_vivino_analysis_files/figure-latex/unnamed-chunk-25-1.pdf>
Package pdftex.def Info: WhaSAP_vivino_analysis_files/figure-latex/unnamed-chun
k-25-1.pdf  used on input line 1756.
(pdftex.def)             Requested size: 437.6406pt x 250.94069pt.
<WhaSAP_vivino_analysis_files/figure-latex/unnamed-chunk-25-2.pdf, id=536, 437.
635pt x 250.9375pt>
File: WhaSAP_vivino_analysis_files/figure-latex/unnamed-chunk-25-2.pdf Graphic 
file (type pdf)
<use WhaSAP_vivino_analysis_files/figure-latex/unnamed-chunk-25-2.pdf>
Package pdftex.def Info: WhaSAP_vivino_analysis_files/figure-latex/unnamed-chun
k-25-2.pdf  used on input line 1764.
(pdftex.def)             Requested size: 437.6406pt x 250.94069pt.
[38 <./WhaSAP_vivino_analysis_files/figure-latex/unnamed-chunk-24-5.pdf> <./Wha
SAP_vivino_analysis_files/figure-latex/unnamed-chunk-25-1.pdf>]
<WhaSAP_vivino_analysis_files/figure-latex/unnamed-chunk-25-3.pdf, id=555, 437.
635pt x 250.9375pt>
File: WhaSAP_vivino_analysis_files/figure-latex/unnamed-chunk-25-3.pdf Graphic 
file (type pdf)
<use WhaSAP_vivino_analysis_files/figure-latex/unnamed-chunk-25-3.pdf>
Package pdftex.def Info: WhaSAP_vivino_analysis_files/figure-latex/unnamed-chun
k-25-3.pdf  used on input line 1772.
(pdftex.def)             Requested size: 437.6406pt x 250.94069pt.
[39 <./WhaSAP_vivino_analysis_files/figure-latex/unnamed-chunk-25-2.pdf> <./Wha
SAP_vivino_analysis_files/figure-latex/unnamed-chunk-25-3.pdf>] [40] [41] [42]
<WhaSAP_vivino_analysis_files/figure-latex/unnamed-chunk-30-1.pdf, id=586, 455.
7025pt x 281.05pt>
File: WhaSAP_vivino_analysis_files/figure-latex/unnamed-chunk-30-1.pdf Graphic 
file (type pdf)
<use WhaSAP_vivino_analysis_files/figure-latex/unnamed-chunk-30-1.pdf>
Package pdftex.def Info: WhaSAP_vivino_analysis_files/figure-latex/unnamed-chun
k-30-1.pdf  used on input line 2061.
(pdftex.def)             Requested size: 455.70831pt x 281.05359pt.
<WhaSAP_vivino_analysis_files/figure-latex/unnamed-chunk-30-2.pdf, id=587, 455.
7025pt x 281.05pt>
File: WhaSAP_vivino_analysis_files/figure-latex/unnamed-chunk-30-2.pdf Graphic 
file (type pdf)
<use WhaSAP_vivino_analysis_files/figure-latex/unnamed-chunk-30-2.pdf>
Package pdftex.def Info: WhaSAP_vivino_analysis_files/figure-latex/unnamed-chun
k-30-2.pdf  used on input line 2062.
(pdftex.def)             Requested size: 455.70831pt x 281.05359pt.
<WhaSAP_vivino_analysis_files/figure-latex/unnamed-chunk-30-3.pdf, id=588, 459.
7175pt x 281.05pt>
File: WhaSAP_vivino_analysis_files/figure-latex/unnamed-chunk-30-3.pdf Graphic 
file (type pdf)
<use WhaSAP_vivino_analysis_files/figure-latex/unnamed-chunk-30-3.pdf>
Package pdftex.def Info: WhaSAP_vivino_analysis_files/figure-latex/unnamed-chun
k-30-3.pdf  used on input line 2063.
(pdftex.def)             Requested size: 459.74442pt x 281.06645pt.
<WhaSAP_vivino_analysis_files/figure-latex/unnamed-chunk-30-4.pdf, id=589, 455.
7025pt x 281.05pt>
File: WhaSAP_vivino_analysis_files/figure-latex/unnamed-chunk-30-4.pdf Graphic 
file (type pdf)
<use WhaSAP_vivino_analysis_files/figure-latex/unnamed-chunk-30-4.pdf>
Package pdftex.def Info: WhaSAP_vivino_analysis_files/figure-latex/unnamed-chun
k-30-4.pdf  used on input line 2064.
(pdftex.def)             Requested size: 455.70831pt x 281.05359pt.

Underfull \hbox (badness 10000) in paragraph at lines 2061--2065
[][]
 []


Underfull \hbox (badness 10000) in paragraph at lines 2061--2065
[]
 []


Underfull \hbox (badness 10000) in paragraph at lines 2061--2065
[]
 []

[43] [44 <./WhaSAP_vivino_analysis_files/figure-latex/unnamed-chunk-30-1.pdf> <
./WhaSAP_vivino_analysis_files/figure-latex/unnamed-chunk-30-2.pdf>]
<WhaSAP_vivino_analysis_files/figure-latex/unnamed-chunk-30-5.pdf, id=613, 422.
57875pt x 286.06876pt>
File: WhaSAP_vivino_analysis_files/figure-latex/unnamed-chunk-30-5.pdf Graphic 
file (type pdf)
<use WhaSAP_vivino_analysis_files/figure-latex/unnamed-chunk-30-5.pdf>
Package pdftex.def Info: WhaSAP_vivino_analysis_files/figure-latex/unnamed-chun
k-30-5.pdf  used on input line 2072.
(pdftex.def)             Requested size: 422.58415pt x 286.07242pt.
[45 <./WhaSAP_vivino_analysis_files/figure-latex/unnamed-chunk-30-3.pdf> <./Wha
SAP_vivino_analysis_files/figure-latex/unnamed-chunk-30-4.pdf>]
<WhaSAP_vivino_analysis_files/figure-latex/unnamed-chunk-30-6.pdf, id=633, 422.
57875pt x 285.065pt>
File: WhaSAP_vivino_analysis_files/figure-latex/unnamed-chunk-30-6.pdf Graphic 
file (type pdf)
<use WhaSAP_vivino_analysis_files/figure-latex/unnamed-chunk-30-6.pdf>
Package pdftex.def Info: WhaSAP_vivino_analysis_files/figure-latex/unnamed-chun
k-30-6.pdf  used on input line 2080.
(pdftex.def)             Requested size: 422.57771pt x 285.0643pt.
[46 <./WhaSAP_vivino_analysis_files/figure-latex/unnamed-chunk-30-5.pdf> <./Wha
SAP_vivino_analysis_files/figure-latex/unnamed-chunk-30-6.pdf>]
Overfull \hbox (7.99359pt too wide) in paragraph at lines 2180--2180
[]\T1/lmtt/m/n/10 ##     Country_Code_FRA + Country_Code_ESP + Country_Code_USA
, data = dataset_vina.cleaned)[] 
 []

[47] [48] [49]
<WhaSAP_vivino_analysis_files/figure-latex/grafički prikaz vinarija-1.pdf, id=
667, 453.695pt x 315.1775pt>
File: WhaSAP_vivino_analysis_files/figure-latex/grafički prikaz vinarija-1.pdf
 Graphic file (type pdf)
<use WhaSAP_vivino_analysis_files/figure-latex/grafički prikaz vinarija-1.pdf>

Package pdftex.def Info: WhaSAP_vivino_analysis_files/figure-latex/grafički pr
ikaz vinarija-1.pdf  used on input line 2374.
(pdftex.def)             Requested size: 453.6939pt x 315.17673pt.
[50] [51 <./WhaSAP_vivino_analysis_files/figure-latex/grafički prikaz vinarija
-1.pdf>] [52]
Underfull \vbox (badness 10000) detected at line 2545
 []

[53]
<WhaSAP_vivino_analysis_files/figure-latex/grafički prikaz vinarija najboljih-
1.pdf, id=691, 458.71375pt x 315.1775pt>
File: WhaSAP_vivino_analysis_files/figure-latex/grafički prikaz vinarija najbo
ljih-1.pdf Graphic file (type pdf)
<use WhaSAP_vivino_analysis_files/figure-latex/grafički prikaz vinarija najbol
jih-1.pdf>
Package pdftex.def Info: WhaSAP_vivino_analysis_files/figure-latex/grafički pr
ikaz vinarija najboljih-1.pdf  used on input line 2555.
(pdftex.def)             Requested size: 458.73363pt x 315.19115pt.
[54 <./WhaSAP_vivino_analysis_files/figure-latex/grafički prikaz vinarija najb
oljih-1.pdf>] [55] [56] [57]
Overfull \vbox (1.84673pt too high) detected at line 2849
 []

[58]
<WhaSAP_vivino_analysis_files/figure-latex/grafički prikaz regija koje imaju p
rosječnu ocijenu regije 3.5-4.5-1.pdf, id=720, 458.71375pt x 315.1775pt>
File: WhaSAP_vivino_analysis_files/figure-latex/grafički prikaz regija koje im
aju prosječnu ocijenu regije 3.5-4.5-1.pdf Graphic file (type pdf)
<use WhaSAP_vivino_analysis_files/figure-latex/grafički prikaz regija koje ima
ju prosječnu ocijenu regije 3.5-4.5-1.pdf>
Package pdftex.def Info: WhaSAP_vivino_analysis_files/figure-latex/grafički pr
ikaz regija koje imaju prosječnu ocijenu regije 3.5-4.5-1.pdf  used on input l
ine 2851.
(pdftex.def)             Requested size: 458.73363pt x 315.19115pt.
<WhaSAP_vivino_analysis_files/figure-latex/grafički prikaz regija koje imaju p
rosječnu ocijenu regije 3.5-4.5-2.pdf, id=721, 453.695pt x 315.1775pt>
File: WhaSAP_vivino_analysis_files/figure-latex/grafički prikaz regija koje im
aju prosječnu ocijenu regije 3.5-4.5-2.pdf Graphic file (type pdf)
<use WhaSAP_vivino_analysis_files/figure-latex/grafički prikaz regija koje ima
ju prosječnu ocijenu regije 3.5-4.5-2.pdf>
Package pdftex.def Info: WhaSAP_vivino_analysis_files/figure-latex/grafički pr
ikaz regija koje imaju prosječnu ocijenu regije 3.5-4.5-2.pdf  used on input l
ine 2852.
(pdftex.def)             Requested size: 453.6939pt x 315.17673pt.
<WhaSAP_vivino_analysis_files/figure-latex/grafički prikaz regija koje imaju p
rosječnu ocijenu regije 3.5-4.5-3.pdf, id=722, 453.695pt x 315.1775pt>
File: WhaSAP_vivino_analysis_files/figure-latex/grafički prikaz regija koje im
aju prosječnu ocijenu regije 3.5-4.5-3.pdf Graphic file (type pdf)
<use WhaSAP_vivino_analysis_files/figure-latex/grafički prikaz regija koje ima
ju prosječnu ocijenu regije 3.5-4.5-3.pdf>
Package pdftex.def Info: WhaSAP_vivino_analysis_files/figure-latex/grafički pr
ikaz regija koje imaju prosječnu ocijenu regije 3.5-4.5-3.pdf  used on input l
ine 2853.
(pdftex.def)             Requested size: 453.6939pt x 315.17673pt.
<WhaSAP_vivino_analysis_files/figure-latex/grafički prikaz regija koje imaju p
rosječnu ocijenu regije 3.5-4.5-4.pdf, id=723, 458.71375pt x 315.1775pt>
File: WhaSAP_vivino_analysis_files/figure-latex/grafički prikaz regija koje im
aju prosječnu ocijenu regije 3.5-4.5-4.pdf Graphic file (type pdf)
<use WhaSAP_vivino_analysis_files/figure-latex/grafički prikaz regija koje ima
ju prosječnu ocijenu regije 3.5-4.5-4.pdf>
Package pdftex.def Info: WhaSAP_vivino_analysis_files/figure-latex/grafički pr
ikaz regija koje imaju prosječnu ocijenu regije 3.5-4.5-4.pdf  used on input l
ine 2854.
(pdftex.def)             Requested size: 458.73363pt x 315.19115pt.
<WhaSAP_vivino_analysis_files/figure-latex/grafički prikaz regija koje imaju p
rosječnu ocijenu regije 3.5-4.5-5.pdf, id=724, 453.695pt x 315.1775pt>
File: WhaSAP_vivino_analysis_files/figure-latex/grafički prikaz regija koje im
aju prosječnu ocijenu regije 3.5-4.5-5.pdf Graphic file (type pdf)
<use WhaSAP_vivino_analysis_files/figure-latex/grafički prikaz regija koje ima
ju prosječnu ocijenu regije 3.5-4.5-5.pdf>
Package pdftex.def Info: WhaSAP_vivino_analysis_files/figure-latex/grafički pr
ikaz regija koje imaju prosječnu ocijenu regije 3.5-4.5-5.pdf  used on input l
ine 2855.
(pdftex.def)             Requested size: 453.6939pt x 315.17673pt.
<WhaSAP_vivino_analysis_files/figure-latex/grafički prikaz regija koje imaju p
rosječnu ocijenu regije 3.5-4.5-6.pdf, id=725, 453.695pt x 315.1775pt>
File: WhaSAP_vivino_analysis_files/figure-latex/grafički prikaz regija koje im
aju prosječnu ocijenu regije 3.5-4.5-6.pdf Graphic file (type pdf)
<use WhaSAP_vivino_analysis_files/figure-latex/grafički prikaz regija koje ima
ju prosječnu ocijenu regije 3.5-4.5-6.pdf>
Package pdftex.def Info: WhaSAP_vivino_analysis_files/figure-latex/grafički pr
ikaz regija koje imaju prosječnu ocijenu regije 3.5-4.5-6.pdf  used on input l
ine 2856.
(pdftex.def)             Requested size: 453.6939pt x 315.17673pt.
<WhaSAP_vivino_analysis_files/figure-latex/grafički prikaz regija koje imaju p
rosječnu ocijenu regije 3.5-4.5-7.pdf, id=726, 453.695pt x 315.1775pt>
File: WhaSAP_vivino_analysis_files/figure-latex/grafički prikaz regija koje im
aju prosječnu ocijenu regije 3.5-4.5-7.pdf Graphic file (type pdf)
<use WhaSAP_vivino_analysis_files/figure-latex/grafički prikaz regija koje ima
ju prosječnu ocijenu regije 3.5-4.5-7.pdf>
Package pdftex.def Info: WhaSAP_vivino_analysis_files/figure-latex/grafički pr
ikaz regija koje imaju prosječnu ocijenu regije 3.5-4.5-7.pdf  used on input l
ine 2857.
(pdftex.def)             Requested size: 453.6939pt x 315.17673pt.
<WhaSAP_vivino_analysis_files/figure-latex/grafički prikaz regija koje imaju p
rosječnu ocijenu regije 3.5-4.5-8.pdf, id=727, 453.695pt x 315.1775pt>
File: WhaSAP_vivino_analysis_files/figure-latex/grafički prikaz regija koje im
aju prosječnu ocijenu regije 3.5-4.5-8.pdf Graphic file (type pdf)
<use WhaSAP_vivino_analysis_files/figure-latex/grafički prikaz regija koje ima
ju prosječnu ocijenu regije 3.5-4.5-8.pdf>
Package pdftex.def Info: WhaSAP_vivino_analysis_files/figure-latex/grafički pr
ikaz regija koje imaju prosječnu ocijenu regije 3.5-4.5-8.pdf  used on input l
ine 2858.
(pdftex.def)             Requested size: 453.6939pt x 315.17673pt.
<WhaSAP_vivino_analysis_files/figure-latex/grafički prikaz regija koje imaju p
rosječnu ocijenu regije 3.5-4.5-9.pdf, id=728, 453.695pt x 315.1775pt>
File: WhaSAP_vivino_analysis_files/figure-latex/grafički prikaz regija koje im
aju prosječnu ocijenu regije 3.5-4.5-9.pdf Graphic file (type pdf)
<use WhaSAP_vivino_analysis_files/figure-latex/grafički prikaz regija koje ima
ju prosječnu ocijenu regije 3.5-4.5-9.pdf>
Package pdftex.def Info: WhaSAP_vivino_analysis_files/figure-latex/grafički pr
ikaz regija koje imaju prosječnu ocijenu regije 3.5-4.5-9.pdf  used on input l
ine 2859.
(pdftex.def)             Requested size: 453.6939pt x 315.17673pt.
<WhaSAP_vivino_analysis_files/figure-latex/grafički prikaz regija koje imaju p
rosječnu ocijenu regije 3.5-4.5-10.pdf, id=729, 453.695pt x 315.1775pt>
File: WhaSAP_vivino_analysis_files/figure-latex/grafički prikaz regija koje im
aju prosječnu ocijenu regije 3.5-4.5-10.pdf Graphic file (type pdf)
<use WhaSAP_vivino_analysis_files/figure-latex/grafički prikaz regija koje ima
ju prosječnu ocijenu regije 3.5-4.5-10.pdf>
Package pdftex.def Info: WhaSAP_vivino_analysis_files/figure-latex/grafički pr
ikaz regija koje imaju prosječnu ocijenu regije 3.5-4.5-10.pdf  used on input 
line 2860.
(pdftex.def)             Requested size: 453.6939pt x 315.17673pt.
<WhaSAP_vivino_analysis_files/figure-latex/grafički prikaz regija koje imaju p
rosječnu ocijenu regije 3.5-4.5-11.pdf, id=730, 453.695pt x 315.1775pt>
File: WhaSAP_vivino_analysis_files/figure-latex/grafički prikaz regija koje im
aju prosječnu ocijenu regije 3.5-4.5-11.pdf Graphic file (type pdf)
<use WhaSAP_vivino_analysis_files/figure-latex/grafički prikaz regija koje ima
ju prosječnu ocijenu regije 3.5-4.5-11.pdf>
Package pdftex.def Info: WhaSAP_vivino_analysis_files/figure-latex/grafički pr
ikaz regija koje imaju prosječnu ocijenu regije 3.5-4.5-11.pdf  used on input 
line 2861.
(pdftex.def)             Requested size: 453.6939pt x 315.17673pt.

Underfull \hbox (badness 10000) in paragraph at lines 2851--2862
[][]
 []


Underfull \hbox (badness 10000) in paragraph at lines 2851--2862
[]
 []


Underfull \hbox (badness 10000) in paragraph at lines 2851--2862
[]
 []


Underfull \hbox (badness 10000) in paragraph at lines 2851--2862
[]
 []


Underfull \hbox (badness 10000) in paragraph at lines 2851--2862
[]
 []


Underfull \hbox (badness 10000) in paragraph at lines 2851--2862
[]
 []


Underfull \hbox (badness 10000) in paragraph at lines 2851--2862
[]
 []


Underfull \hbox (badness 10000) in paragraph at lines 2851--2862
[]
 []


Underfull \hbox (badness 10000) in paragraph at lines 2851--2862
[]
 []


Underfull \hbox (badness 10000) in paragraph at lines 2851--2862
[]
 []

[59] [60 <./WhaSAP_vivino_analysis_files/figure-latex/grafički prikaz regija k
oje imaju prosječnu ocijenu regije 3.5-4.5-1.pdf> <./WhaSAP_vivino_analysis_fi
les/figure-latex/grafički prikaz regija koje imaju prosječnu ocijenu regije 3
.5-4.5-2.pdf>] [61 <./WhaSAP_vivino_analysis_files/figure-latex/grafički prika
z regija koje imaju prosječnu ocijenu regije 3.5-4.5-3.pdf> <./WhaSAP_vivino_a
nalysis_files/figure-latex/grafički prikaz regija koje imaju prosječnu ocijen
u regije 3.5-4.5-4.pdf>] [62 <./WhaSAP_vivino_analysis_files/figure-latex/grafi
čki prikaz regija koje imaju prosječnu ocijenu regije 3.5-4.5-5.pdf> <./WhaSA
P_vivino_analysis_files/figure-latex/grafički prikaz regija koje imaju prosje
nu ocijenu regije 3.5-4.5-6.pdf>] [63 <./WhaSAP_vivino_analysis_files/figure-l
atex/grafički prikaz regija koje imaju prosječnu ocijenu regije 3.5-4.5-7.pdf
> <./WhaSAP_vivino_analysis_files/figure-latex/grafički prikaz regija koje ima
ju prosječnu ocijenu regije 3.5-4.5-8.pdf>] [64 <./WhaSAP_vivino_analysis_file
s/figure-latex/grafički prikaz regija koje imaju prosječnu ocijenu regije 3.5
-4.5-9.pdf> <./WhaSAP_vivino_analysis_files/figure-latex/grafički prikaz regij
a koje imaju prosječnu ocijenu regije 3.5-4.5-10.pdf>] [65 <./WhaSAP_vivino_an
alysis_files/figure-latex/grafički prikaz regija koje imaju prosječnu ocijenu
 regije 3.5-4.5-11.pdf>] [66] (./WhaSAP_vivino_analysis.aux) ) 
Here is how much of TeX's memory you used:
 14351 strings out of 478287
 254427 string characters out of 5849289
 587961 words of memory out of 5000000
 32060 multiletter control sequences out of 15000+600000
 529599 words of font info for 137 fonts, out of 8000000 for 9000
 1141 hyphenation exceptions out of 8191
 74i,9n,77p,1019b,743s stack positions out of 5000i,500n,10000p,200000b,80000s
{/usr/share/texmf
/fonts/enc/dvips/lm/lm-ts1.enc}{/usr/share/texmf/fonts/enc/dvips/lm/lm-mathit.e
nc}{/usr/share/texmf/fonts/enc/dvips/lm/lm-rm.enc}{/usr/share/texmf/fonts/enc/d
vips/lm/lm-ec.enc}</usr/share/texmf/fonts/type1/public/lm/lmbx12.pfb></usr/shar
e/texmf/fonts/type1/public/lm/lmmi10.pfb></usr/share/texmf/fonts/type1/public/l
m/lmmi7.pfb></usr/share/texmf/fonts/type1/public/lm/lmr10.pfb></usr/share/texmf
/fonts/type1/public/lm/lmr12.pfb></usr/share/texmf/fonts/type1/public/lm/lmr17.
pfb></usr/share/texmf/fonts/type1/public/lm/lmr7.pfb></usr/share/texmf/fonts/ty
pe1/public/lm/lmri10.pfb></usr/share/texmf/fonts/type1/public/lm/lmtk10.pfb></u
sr/share/texmf/fonts/type1/public/lm/lmtt10.pfb></usr/share/texmf/fonts/type1/p
ublic/lm/lmtti10.pfb>
Output written on WhaSAP_vivino_analysis.pdf (66 pages, 9104182 bytes).
PDF statistics:
 925 PDF objects out of 1000 (max. 8388607)
 633 compressed objects within 7 object streams
 69 named destinations out of 1000 (max. 500000)
 33105 words of extra memory for PDF output out of 35830 (max. 10000000)

